<?xml version="1.0" encoding="UTF-8"?>
<!-- Generated by org.testng.reporters.JUnitXMLReporter -->
<testsuite hostname="AUY-LT-224" ignored="2" name="Test" tests="2" failures="1" timestamp="2020-05-25T10:28:59 UYT" time="17.115" errors="0">
  <testcase name="test_Home_Page_Appear_Correct" time="10.258" classname="test.Test99GuruLogin"/>
  <testcase name="test_Home_Page_Appear_Correct" time="0.003" classname="test.Test99GuruLoginWithPageFactory">
    <failure type="java.lang.NullPointerException">
      <![CDATA[java.lang.NullPointerException
at test.Test99GuruLoginWithPageFactory.test_Home_Page_Appear_Correct(Test99GuruLoginWithPageFactory.java:33)
at java.util.ArrayList.forEach(Unknown Source)
... Removed 27 stack frames]]>
    </failure>
  </testcase> <!-- test_Home_Page_Appear_Correct -->
  <testcase name="@BeforeTest setup" time="0.0" classname="base.BaseTest">
    <ignored/>
  </testcase> <!-- @BeforeTest setup -->
  <testcase name="@AfterTest teardown" time="0.0" classname="base.BaseTest">
    <ignored/>
  </testcase> <!-- @AfterTest teardown -->
</testsuite> <!-- Test -->
